2024-02-23 23:06:58.023 [main] [34mINFO [0;39m o.a.i.o.OutboundInsuranceApplication [org.springframework.boot.StartupInfoLogger.logStarting] - Starting OutboundInsuranceApplication using Java 17.0.9 with PID 8556 (C:\MyGithub\outbound_insurance\target\classes started by ASUS in C:\MyGithub\outbound_insurance)
2024-02-23 23:06:58.026 [main] [34mINFO [0;39m o.a.i.o.OutboundInsuranceApplication [org.springframework.boot.SpringApplication.logStartupProfileInfo] - The following 1 profile is active: "dev"
2024-02-23 23:06:58.762 [main] [34mINFO [0;39m o.s.d.r.c.RepositoryConfigurationDelegate [org.springframework.data.repository.config.RepositoryConfigurationDelegate.registerRepositoriesIn] - Bootstrapping Spring Data JPA repositories in DEFAULT mode.
2024-02-23 23:06:58.865 [main] [34mINFO [0;39m o.s.d.r.c.RepositoryConfigurationDelegate [org.springframework.data.repository.config.RepositoryConfigurationDelegate.registerRepositoriesIn] - Finished Spring Data repository scanning in 94 ms. Found 8 JPA repository interfaces.
2024-02-23 23:06:59.424 [main] [34mINFO [0;39m o.s.b.w.e.t.TomcatWebServer [org.springframework.boot.web.embedded.tomcat.TomcatWebServer.initialize] - Tomcat initialized with port 8080 (http)
2024-02-23 23:06:59.435 [main] [34mINFO [0;39m o.a.c.h.Http11NioProtocol [org.apache.juli.logging.DirectJDKLog.log] - Initializing ProtocolHandler ["http-nio-8080"]
2024-02-23 23:06:59.437 [main] [34mINFO [0;39m o.a.c.c.StandardService [org.apache.juli.logging.DirectJDKLog.log] - Starting service [Tomcat]
2024-02-23 23:06:59.437 [main] [34mINFO [0;39m o.a.c.c.StandardEngine [org.apache.juli.logging.DirectJDKLog.log] - Starting Servlet engine: [Apache Tomcat/10.1.19]
2024-02-23 23:06:59.493 [main] [34mINFO [0;39m o.a.c.c.C.[.[.[/api/v1] [org.apache.juli.logging.DirectJDKLog.log] - Initializing Spring embedded WebApplicationContext
2024-02-23 23:06:59.493 [main] [34mINFO [0;39m o.s.b.w.s.c.ServletWebServerApplicationContext [org.springframework.boot.web.servlet.context.ServletWebServerApplicationContext.prepareWebApplicationContext] - Root WebApplicationContext: initialization completed in 1424 ms
2024-02-23 23:06:59.744 [main] [34mINFO [0;39m o.h.j.i.u.LogHelper [org.hibernate.jpa.internal.util.LogHelper.logPersistenceUnitInformation] - HHH000204: Processing PersistenceUnitInfo [name: default]
2024-02-23 23:06:59.828 [main] [34mINFO [0;39m o.h.Version [org.hibernate.Version.logVersion] - HHH000412: Hibernate ORM core version 6.4.4.Final
2024-02-23 23:06:59.874 [main] [34mINFO [0;39m o.h.c.i.RegionFactoryInitiator [org.hibernate.cache.internal.RegionFactoryInitiator.initiateService] - HHH000026: Second-level cache disabled
2024-02-23 23:07:00.199 [main] [34mINFO [0;39m o.s.o.j.p.SpringPersistenceUnitInfo [org.springframework.orm.jpa.persistenceunit.SpringPersistenceUnitInfo.addTransformer] - No LoadTimeWeaver setup: ignoring JPA class transformer
2024-02-23 23:07:00.230 [main] [34mINFO [0;39m c.z.h.HikariDataSource [com.zaxxer.hikari.HikariDataSource.getConnection] - HikariPool-1 - Starting...
2024-02-23 23:07:00.601 [main] [34mINFO [0;39m c.z.h.p.HikariPool [com.zaxxer.hikari.pool.HikariPool.checkFailFast] - HikariPool-1 - Added connection ConnectionID:1 ClientConnectionId: 469caba4-bcfd-4535-8d82-f5a0990220e9
2024-02-23 23:07:00.604 [main] [34mINFO [0;39m c.z.h.HikariDataSource [com.zaxxer.hikari.HikariDataSource.getConnection] - HikariPool-1 - Start completed.
2024-02-23 23:07:01.948 [main] [34mINFO [0;39m o.h.e.t.j.p.i.JtaPlatformInitiator [org.hibernate.engine.transaction.jta.platform.internal.JtaPlatformInitiator.initiateService] - HHH000489: No JTA platform available (set 'hibernate.transaction.jta.platform' to enable JTA platform integration)
2024-02-23 23:07:05.855 [main] [34mINFO [0;39m o.s.o.j.LocalContainerEntityManagerFactoryBean [org.springframework.orm.jpa.AbstractEntityManagerFactoryBean.buildNativeEntityManagerFactory] - Initialized JPA EntityManagerFactory for persistence unit 'default'
2024-02-23 23:07:06.417 [main] [34mINFO [0;39m o.s.d.j.r.q.QueryEnhancerFactory [org.springframework.data.jpa.repository.query.QueryEnhancerFactory.<clinit>] - Hibernate is in classpath; If applicable, HQL parser will be used.
2024-02-23 23:07:07.083 [main] [34mINFO [0;39m o.a.c.h.Http11NioProtocol [org.apache.juli.logging.DirectJDKLog.log] - Starting ProtocolHandler ["http-nio-8080"]
2024-02-23 23:07:07.104 [main] [34mINFO [0;39m o.s.b.w.e.t.TomcatWebServer [org.springframework.boot.web.embedded.tomcat.TomcatWebServer.start] - Tomcat started on port 8080 (http) with context path '/api/v1'
2024-02-23 23:07:07.115 [main] [34mINFO [0;39m o.a.i.o.OutboundInsuranceApplication [org.springframework.boot.StartupInfoLogger.logStarted] - Started OutboundInsuranceApplication in 9.587 seconds (process running for 11.226)
